0 info it worked if it ends with ok
1 verbose cli [ '/home/ec2-user/.nvm/versions/node/v6.14.4/bin/node',
1 verbose cli   '/home/ec2-user/.nvm/versions/node/v6.14.4/bin/npm',
1 verbose cli   'run',
1 verbose cli   'test' ]
2 info using npm@3.10.10
3 info using node@v6.14.4
4 verbose run-script [ 'pretest', 'test', 'posttest' ]
5 info lifecycle dojo-2019-10-11@1.0.0~pretest: dojo-2019-10-11@1.0.0
6 silly lifecycle dojo-2019-10-11@1.0.0~pretest: no script for pretest, continuing
7 info lifecycle dojo-2019-10-11@1.0.0~test: dojo-2019-10-11@1.0.0
8 verbose lifecycle dojo-2019-10-11@1.0.0~test: unsafe-perm in lifecycle true
9 verbose lifecycle dojo-2019-10-11@1.0.0~test: PATH: /home/ec2-user/.nvm/versions/node/v6.14.4/lib/node_modules/npm/bin/node-gyp-bin:/home/ec2-user/environment/dojos/2020-03-20/node_modules/.bin:/home/ec2-user/.nvm/versions/node/v6.14.4/bin:/usr/local/rvm/gems/ruby-2.4.1/bin:/usr/local/rvm/gems/ruby-2.4.1@global/bin:/usr/local/rvm/rubies/ruby-2.4.1/bin:/usr/local/bin:/bin:/usr/bin:/home/ec2-user/.local/bin:/home/ec2-user/bin:/usr/local/sbin:/usr/sbin:/sbin:/opt/aws/bin:/usr/local/rvm/bin:/home/ec2-user/.local/bin:/home/ec2-user/bin:/home/ec2-user/.local/bin:/home/ec2-user/bin
10 verbose lifecycle dojo-2019-10-11@1.0.0~test: CWD: /home/ec2-user/environment/dojos/2020-03-20
11 silly lifecycle dojo-2019-10-11@1.0.0~test: Args: [ '-c', 'mocha --reporter nyan' ]
12 silly lifecycle dojo-2019-10-11@1.0.0~test: Returned: code: 1  signal: null
13 info lifecycle dojo-2019-10-11@1.0.0~test: Failed to exec test script
14 verbose stack Error: dojo-2019-10-11@1.0.0 test: `mocha --reporter nyan`
14 verbose stack Exit status 1
14 verbose stack     at EventEmitter.<anonymous> (/home/ec2-user/.nvm/versions/node/v6.14.4/lib/node_modules/npm/lib/utils/lifecycle.js:255:16)
14 verbose stack     at emitTwo (events.js:106:13)
14 verbose stack     at EventEmitter.emit (events.js:191:7)
14 verbose stack     at ChildProcess.<anonymous> (/home/ec2-user/.nvm/versions/node/v6.14.4/lib/node_modules/npm/lib/utils/spawn.js:40:14)
14 verbose stack     at emitTwo (events.js:106:13)
14 verbose stack     at ChildProcess.emit (events.js:191:7)
14 verbose stack     at maybeClose (internal/child_process.js:920:16)
14 verbose stack     at Process.ChildProcess._handle.onexit (internal/child_process.js:230:5)
15 verbose pkgid dojo-2019-10-11@1.0.0
16 verbose cwd /home/ec2-user/environment/dojos/2020-03-20
17 error Linux 4.14.67-66.56.amzn1.x86_64
18 error argv "/home/ec2-user/.nvm/versions/node/v6.14.4/bin/node" "/home/ec2-user/.nvm/versions/node/v6.14.4/bin/npm" "run" "test"
19 error node v6.14.4
20 error npm  v3.10.10
21 error code ELIFECYCLE
22 error dojo-2019-10-11@1.0.0 test: `mocha --reporter nyan`
22 error Exit status 1
23 error Failed at the dojo-2019-10-11@1.0.0 test script 'mocha --reporter nyan'.
23 error Make sure you have the latest version of node.js and npm installed.
23 error If you do, this is most likely a problem with the dojo-2019-10-11 package,
23 error not with npm itself.
23 error Tell the author that this fails on your system:
23 error     mocha --reporter nyan
23 error You can get information on how to open an issue for this project with:
23 error     npm bugs dojo-2019-10-11
23 error Or if that isn't available, you can get their info via:
23 error     npm owner ls dojo-2019-10-11
23 error There is likely additional logging output above.
24 verbose exit [ 1, true ]
